09:19:56.669 [restartedMain] INFO  com.dongxin.channel.ChannelApplication - Starting ChannelApplication on DESKTOP-P4US2OO with PID 15904 (E:\IDEA\project\channel\target\classes started by DELL in E:\IDEA\project\channel)
09:19:56.673 [restartedMain] INFO  com.dongxin.channel.ChannelApplication - The following profiles are active: dev
09:19:56.806 [restartedMain] INFO  o.s.b.c.e.AnnotationConfigEmbeddedWebApplicationContext - Refreshing org.springframework.boot.context.embedded.AnnotationConfigEmbeddedWebApplicationContext@5836b4d7: startup date [Tue Jan 09 09:19:56 CST 2018]; root of context hierarchy
09:19:56.833 [background-preinit] INFO  o.h.validator.internal.util.Version - HV000001: Hibernate Validator 5.3.5.Final
09:19:57.195 [restartedMain] DEBUG o.m.spring.mapper.ClassPathMapperScanner - Identified candidate component class: file [E:\IDEA\project\channel\target\classes\com\dongxin\channel\mapper\BYJChannelInfoLogMapper.class]
09:19:57.195 [restartedMain] DEBUG o.m.spring.mapper.ClassPathMapperScanner - Identified candidate component class: file [E:\IDEA\project\channel\target\classes\com\dongxin\channel\mapper\ChannelHandleLogMapper.class]
09:19:57.195 [restartedMain] DEBUG o.m.spring.mapper.ClassPathMapperScanner - Identified candidate component class: file [E:\IDEA\project\channel\target\classes\com\dongxin\channel\mapper\ChannelInfoMapper.class]
09:19:57.195 [restartedMain] DEBUG o.m.spring.mapper.ClassPathMapperScanner - Identified candidate component class: file [E:\IDEA\project\channel\target\classes\com\dongxin\channel\mapper\ChannelUserLoginMapper.class]
09:19:57.196 [restartedMain] DEBUG o.m.spring.mapper.ClassPathMapperScanner - Identified candidate component class: file [E:\IDEA\project\channel\target\classes\com\dongxin\channel\mapper\RunLogChannelInfoMapper.class]
09:19:57.196 [restartedMain] DEBUG o.m.spring.mapper.ClassPathMapperScanner - Creating MapperFactoryBean with name 'BYJChannelInfoLogMapper' and 'com.dongxin.channel.mapper.BYJChannelInfoLogMapper' mapperInterface
09:19:57.196 [restartedMain] DEBUG o.m.spring.mapper.ClassPathMapperScanner - Enabling autowire by type for MapperFactoryBean with name 'BYJChannelInfoLogMapper'.
09:19:57.196 [restartedMain] DEBUG o.m.spring.mapper.ClassPathMapperScanner - Creating MapperFactoryBean with name 'channelHandleLogMapper' and 'com.dongxin.channel.mapper.ChannelHandleLogMapper' mapperInterface
09:19:57.196 [restartedMain] DEBUG o.m.spring.mapper.ClassPathMapperScanner - Enabling autowire by type for MapperFactoryBean with name 'channelHandleLogMapper'.
09:19:57.196 [restartedMain] DEBUG o.m.spring.mapper.ClassPathMapperScanner - Creating MapperFactoryBean with name 'channelInfoMapper' and 'com.dongxin.channel.mapper.ChannelInfoMapper' mapperInterface
09:19:57.196 [restartedMain] DEBUG o.m.spring.mapper.ClassPathMapperScanner - Enabling autowire by type for MapperFactoryBean with name 'channelInfoMapper'.
09:19:57.200 [restartedMain] DEBUG o.m.spring.mapper.ClassPathMapperScanner - Creating MapperFactoryBean with name 'channelUserLoginMapper' and 'com.dongxin.channel.mapper.ChannelUserLoginMapper' mapperInterface
09:19:57.200 [restartedMain] DEBUG o.m.spring.mapper.ClassPathMapperScanner - Enabling autowire by type for MapperFactoryBean with name 'channelUserLoginMapper'.
09:19:57.200 [restartedMain] DEBUG o.m.spring.mapper.ClassPathMapperScanner - Creating MapperFactoryBean with name 'runLogChannelInfoMapper' and 'com.dongxin.channel.mapper.RunLogChannelInfoMapper' mapperInterface
09:19:57.200 [restartedMain] DEBUG o.m.spring.mapper.ClassPathMapperScanner - Enabling autowire by type for MapperFactoryBean with name 'runLogChannelInfoMapper'.
09:19:57.891 [restartedMain] INFO  o.s.b.c.e.t.TomcatEmbeddedServletContainer - Tomcat initialized with port(s): 8088 (http)
09:19:57.897 [restartedMain] INFO  org.apache.catalina.core.StandardService - Starting service [Tomcat]
09:19:57.898 [restartedMain] INFO  org.apache.catalina.core.StandardEngine - Starting Servlet Engine: Apache Tomcat/8.5.16
09:19:57.959 [localhost-startStop-1] INFO  o.a.c.c.C.[.[localhost].[/channel] - Initializing Spring embedded WebApplicationContext
09:19:57.959 [localhost-startStop-1] INFO  o.s.web.context.ContextLoader - Root WebApplicationContext: initialization completed in 1154 ms
09:19:58.149 [localhost-startStop-1] INFO  o.s.b.w.servlet.ServletRegistrationBean - Mapping servlet: 'dispatcherServlet' to [/]
09:19:58.150 [localhost-startStop-1] INFO  o.s.b.w.servlet.ServletRegistrationBean - Mapping servlet: 'statViewServlet' to [/druid/*]
09:19:58.151 [localhost-startStop-1] INFO  o.s.b.web.servlet.FilterRegistrationBean - Mapping filter: 'characterEncodingFilter' to: [/*]
09:19:58.152 [localhost-startStop-1] INFO  o.s.b.web.servlet.FilterRegistrationBean - Mapping filter: 'hiddenHttpMethodFilter' to: [/*]
09:19:58.152 [localhost-startStop-1] INFO  o.s.b.web.servlet.FilterRegistrationBean - Mapping filter: 'httpPutFormContentFilter' to: [/*]
09:19:58.152 [localhost-startStop-1] INFO  o.s.b.web.servlet.FilterRegistrationBean - Mapping filter: 'requestContextFilter' to: [/*]
09:19:58.152 [localhost-startStop-1] INFO  o.s.b.web.servlet.FilterRegistrationBean - Mapping filter: 'webStatFilter' to urls: [/*]
09:19:58.152 [localhost-startStop-1] INFO  o.s.b.web.servlet.FilterRegistrationBean - Mapping filter: 'corsFilter' to: [/*]
09:19:58.416 [restartedMain] DEBUG org.apache.ibatis.logging.LogFactory - Logging initialized using 'class org.apache.ibatis.logging.slf4j.Slf4jImpl' adapter.
09:19:58.439 [restartedMain] DEBUG org.apache.ibatis.io.VFS - Using VFS adapter org.mybatis.spring.boot.autoconfigure.SpringBootVFS
09:19:58.440 [restartedMain] DEBUG org.apache.ibatis.io.ResolverUtil - Checking to see if class com.dongxin.channel.domain.BYJChannelInfoLog matches criteria [is assignable to Object]
09:19:58.440 [restartedMain] DEBUG org.apache.ibatis.io.ResolverUtil - Checking to see if class com.dongxin.channel.domain.ChannelHandleLog matches criteria [is assignable to Object]
09:19:58.440 [restartedMain] DEBUG org.apache.ibatis.io.ResolverUtil - Checking to see if class com.dongxin.channel.domain.ChannelInfo matches criteria [is assignable to Object]
09:19:58.440 [restartedMain] DEBUG org.apache.ibatis.io.ResolverUtil - Checking to see if class com.dongxin.channel.domain.ChannelUserLogin matches criteria [is assignable to Object]
09:19:58.441 [restartedMain] DEBUG org.apache.ibatis.io.ResolverUtil - Checking to see if class com.dongxin.channel.domain.RunLogChannelInfo matches criteria [is assignable to Object]
09:19:58.441 [restartedMain] DEBUG org.mybatis.spring.SqlSessionFactoryBean - Scanned package: 'com.dongxin.channel.domain' for aliases
09:19:58.547 [restartedMain] DEBUG org.mybatis.spring.SqlSessionFactoryBean - Parsed mapper file: 'file [E:\IDEA\project\channel\target\classes\mapper\BYJChannelInfoLogMapper.xml]'
09:19:58.554 [restartedMain] DEBUG org.mybatis.spring.SqlSessionFactoryBean - Parsed mapper file: 'file [E:\IDEA\project\channel\target\classes\mapper\ChannelHandleLogMapper.xml]'
09:19:58.564 [restartedMain] DEBUG org.mybatis.spring.SqlSessionFactoryBean - Parsed mapper file: 'file [E:\IDEA\project\channel\target\classes\mapper\ChannelInfoMapper.xml]'
09:19:58.570 [restartedMain] DEBUG org.mybatis.spring.SqlSessionFactoryBean - Parsed mapper file: 'file [E:\IDEA\project\channel\target\classes\mapper\ChannelUserLoginMapper.xml]'
09:19:58.576 [restartedMain] DEBUG org.mybatis.spring.SqlSessionFactoryBean - Parsed mapper file: 'file [E:\IDEA\project\channel\target\classes\mapper\RunLogChannelInfoMapper.xml]'
09:19:58.900 [restartedMain] INFO  o.s.w.s.m.m.a.RequestMappingHandlerAdapter - Looking for @ControllerAdvice: org.springframework.boot.context.embedded.AnnotationConfigEmbeddedWebApplicationContext@5836b4d7: startup date [Tue Jan 09 09:19:56 CST 2018]; root of context hierarchy
09:19:58.940 [restartedMain] INFO  o.s.w.s.m.m.a.RequestMappingHandlerMapping - Mapped "{[/byjlog/downBYJInfoLog],methods=[GET]}" onto public com.dongxin.channel.util.domain.HttpResult com.dongxin.channel.controller.BYJChannelInfoLogController.downBYJInfoLog(java.lang.Integer,java.lang.String,java.lang.String) throws java.lang.Exception
09:19:58.941 [restartedMain] INFO  o.s.w.s.m.m.a.RequestMappingHandlerMapping - Mapped "{[/byjlog/getBYJInfoLog],methods=[GET]}" onto public com.dongxin.channel.util.domain.HttpResult com.dongxin.channel.controller.BYJChannelInfoLogController.getBYJInfoLog(java.lang.Integer,java.lang.String,java.lang.String,int,int)
09:19:58.941 [restartedMain] INFO  o.s.w.s.m.m.a.RequestMappingHandlerMapping - Mapped "{[/info/getLastRunLog],methods=[GET]}" onto public com.dongxin.channel.util.domain.HttpResult com.dongxin.channel.controller.RunLogChannelInfoController.getLastRunLog(java.lang.Integer)
09:19:58.943 [restartedMain] INFO  o.s.w.s.m.m.a.RequestMappingHandlerMapping - Mapped "{[/user/exit],methods=[DELETE]}" onto public com.dongxin.channel.util.domain.HttpResult com.dongxin.channel.controller.UserController.exit(java.lang.Integer)
09:19:58.944 [restartedMain] INFO  o.s.w.s.m.m.a.RequestMappingHandlerMapping - Mapped "{[/user/changePWD],methods=[POST]}" onto public com.dongxin.channel.util.domain.HttpResult com.dongxin.channel.controller.UserController.changePWD(java.lang.Integer,java.lang.String) throws java.lang.Exception
09:19:58.944 [restartedMain] INFO  o.s.w.s.m.m.a.RequestMappingHandlerMapping - Mapped "{[/user/login],methods=[POST]}" onto public com.dongxin.channel.util.domain.HttpResult com.dongxin.channel.controller.UserController.login(java.lang.String,java.lang.String) throws java.lang.Exception
09:19:58.944 [restartedMain] INFO  o.s.w.s.m.m.a.RequestMappingHandlerMapping - Mapped "{[/vail/getVerify],methods=[POST]}" onto public void com.dongxin.channel.controller.VaildCodeController.getVerfy(javax.servlet.http.HttpServletResponse,java.lang.String) throws java.lang.Exception
09:19:58.944 [restartedMain] INFO  o.s.w.s.m.m.a.RequestMappingHandlerMapping - Mapped "{[/vail/vailVerify],methods=[GET]}" onto public com.dongxin.channel.util.domain.HttpResult com.dongxin.channel.controller.VaildCodeController.vailVerify(javax.servlet.http.HttpServletRequest,java.lang.String,java.lang.String) throws java.lang.Exception
09:19:58.946 [restartedMain] INFO  o.s.w.s.m.m.a.RequestMappingHandlerMapping - Mapped "{[/error]}" onto public org.springframework.http.ResponseEntity<java.util.Map<java.lang.String, java.lang.Object>> org.springframework.boot.autoconfigure.web.BasicErrorController.error(javax.servlet.http.HttpServletRequest)
09:19:58.946 [restartedMain] INFO  o.s.w.s.m.m.a.RequestMappingHandlerMapping - Mapped "{[/error],produces=[text/html]}" onto public org.springframework.web.servlet.ModelAndView org.springframework.boot.autoconfigure.web.BasicErrorController.errorHtml(javax.servlet.http.HttpServletRequest,javax.servlet.http.HttpServletResponse)
09:19:58.978 [restartedMain] INFO  o.s.w.s.handler.SimpleUrlHandlerMapping - Mapped URL path [/webjars/**] onto handler of type [class org.springframework.web.servlet.resource.ResourceHttpRequestHandler]
09:19:58.978 [restartedMain] INFO  o.s.w.s.handler.SimpleUrlHandlerMapping - Mapped URL path [/**] onto handler of type [class org.springframework.web.servlet.resource.ResourceHttpRequestHandler]
09:19:58.991 [restartedMain] INFO  o.s.w.s.m.m.a.ExceptionHandlerExceptionResolver - Detected @ExceptionHandler methods in exceptionHandle
09:19:59.008 [restartedMain] INFO  o.s.w.s.handler.SimpleUrlHandlerMapping - Mapped URL path [/**/favicon.ico] onto handler of type [class org.springframework.web.servlet.resource.ResourceHttpRequestHandler]
09:19:59.036 [restartedMain] WARN  o.s.b.a.t.AbstractTemplateResolverConfiguration - Cannot find template location: classpath:/templates/ (please add some templates or check your Thymeleaf configuration)
09:19:59.187 [restartedMain] INFO  o.s.b.a.w.WebMvcAutoConfiguration$WelcomePageHandlerMapping - Adding welcome page: class path resource [static/index.html]
09:19:59.483 [restartedMain] INFO  o.s.b.d.a.OptionalLiveReloadServer - LiveReload server is running on port 35729
09:19:59.519 [restartedMain] INFO  o.s.j.e.a.AnnotationMBeanExporter - Registering beans for JMX exposure on startup
09:19:59.520 [restartedMain] INFO  o.s.j.e.a.AnnotationMBeanExporter - Bean with name 'dataSource' has been autodetected for JMX exposure
09:19:59.523 [restartedMain] INFO  o.s.j.e.a.AnnotationMBeanExporter - Located MBean 'dataSource': registering with JMX server as MBean [com.alibaba.druid.pool:name=dataSource,type=DruidDataSource]
09:19:59.532 [restartedMain] INFO  o.apache.coyote.http11.Http11NioProtocol - Initializing ProtocolHandler ["http-nio-8088"]
09:19:59.538 [restartedMain] INFO  o.apache.coyote.http11.Http11NioProtocol - Starting ProtocolHandler ["http-nio-8088"]
09:19:59.546 [restartedMain] INFO  o.apache.tomcat.util.net.NioSelectorPool - Using a shared selector for servlet write/read
09:19:59.558 [restartedMain] INFO  o.s.b.c.e.t.TomcatEmbeddedServletContainer - Tomcat started on port(s): 8088 (http)
09:19:59.561 [restartedMain] INFO  com.dongxin.channel.ChannelApplication - Started ChannelApplication in 3.156 seconds (JVM running for 3.768)
09:20:20.110 [http-nio-8088-exec-4] INFO  o.a.c.c.C.[.[localhost].[/channel] - Initializing Spring FrameworkServlet 'dispatcherServlet'
09:20:20.110 [http-nio-8088-exec-4] INFO  o.s.web.servlet.DispatcherServlet - FrameworkServlet 'dispatcherServlet': initialization started
09:20:20.132 [http-nio-8088-exec-4] INFO  o.s.web.servlet.DispatcherServlet - FrameworkServlet 'dispatcherServlet': initialization completed in 22 ms
09:20:20.165 [http-nio-8088-exec-4] INFO  c.dongxin.channel.util.aspect.HttpAspect - --------进入beforeLog方法：@Before
09:20:20.168 [http-nio-8088-exec-4] INFO  c.dongxin.channel.util.aspect.HttpAspect - url=http://localhost:8088/channel/user/login&null
09:20:20.168 [http-nio-8088-exec-4] INFO  c.dongxin.channel.util.aspect.HttpAspect - method=POST
09:20:20.169 [http-nio-8088-exec-4] INFO  c.dongxin.channel.util.aspect.HttpAspect - ip=0:0:0:0:0:0:0:1
09:20:20.169 [http-nio-8088-exec-4] INFO  c.dongxin.channel.util.aspect.HttpAspect - class_method=com.dongxin.channel.controller.UserController.login
09:20:20.170 [http-nio-8088-exec-4] INFO  c.dongxin.channel.util.aspect.HttpAspect - arg=dGVzdGNlc2hp, 	ZTEwYWRjMzk0OWJhNTlhYmJlNTZlMDU3ZjIwZjg4M2U=, 	
09:20:20.172 [http-nio-8088-exec-4] INFO  c.dongxin.channel.util.aspect.LogAspect - ---------这是NeedLog-----Before
09:20:20.176 [http-nio-8088-exec-4] DEBUG org.mybatis.spring.SqlSessionUtils - Creating a new SqlSession
09:20:20.180 [http-nio-8088-exec-4] DEBUG org.mybatis.spring.SqlSessionUtils - SqlSession [org.apache.ibatis.session.defaults.DefaultSqlSession@62239ad9] was not registered for synchronization because synchronization is not active
09:20:20.195 [http-nio-8088-exec-4] INFO  com.alibaba.druid.pool.DruidDataSource - {dataSource-1} inited
09:20:20.663 [http-nio-8088-exec-4] DEBUG o.m.s.t.SpringManagedTransaction - JDBC Connection [com.alibaba.druid.proxy.jdbc.ConnectionProxyImpl@540e5f0c] will not be managed by Spring
09:20:20.665 [http-nio-8088-exec-4] DEBUG c.d.c.m.C.selectByNameAndPWD - ==>  Preparing: SELECT t1.id, t1.username, t1.password, t1.status, t1.meno FROM channel_user_login AS t1, channelinfo AS t2 WHERE t1.username = t2.chcode AND t1.username = ? AND t1.password = ? 
09:20:20.681 [http-nio-8088-exec-4] DEBUG c.d.c.m.C.selectByNameAndPWD - ==> Parameters: testceshi(String), e10adc3949ba59abbe56e057f20f883e(String)
09:20:20.722 [http-nio-8088-exec-4] DEBUG c.d.c.m.C.selectByNameAndPWD - <==      Total: 1
09:20:20.723 [http-nio-8088-exec-4] DEBUG org.mybatis.spring.SqlSessionUtils - Closing non transactional SqlSession [org.apache.ibatis.session.defaults.DefaultSqlSession@62239ad9]
09:20:20.725 [http-nio-8088-exec-4] DEBUG org.mybatis.spring.SqlSessionUtils - Creating a new SqlSession
09:20:20.725 [http-nio-8088-exec-4] DEBUG org.mybatis.spring.SqlSessionUtils - SqlSession [org.apache.ibatis.session.defaults.DefaultSqlSession@48aba9d6] was not registered for synchronization because synchronization is not active
09:20:20.733 [http-nio-8088-exec-4] DEBUG o.m.s.t.SpringManagedTransaction - JDBC Connection [com.alibaba.druid.proxy.jdbc.ConnectionProxyImpl@540e5f0c] will not be managed by Spring
09:20:20.733 [http-nio-8088-exec-4] DEBUG c.d.c.m.C.insertSelective - ==>  Preparing: insert into channel_handle_log ( username, channelName, logIP, handle, inserttime ) values ( ?, ?, ?, ?, NOW() ) 
09:20:20.734 [http-nio-8088-exec-4] DEBUG c.d.c.m.C.insertSelective - ==> Parameters: testceshi(String), 测试(String), 0:0:0:0:0:0:0:1(String), 登录(String)
09:20:20.793 [http-nio-8088-exec-4] DEBUG c.d.c.m.C.insertSelective - <==    Updates: 1
09:20:20.793 [http-nio-8088-exec-4] DEBUG org.mybatis.spring.SqlSessionUtils - Closing non transactional SqlSession [org.apache.ibatis.session.defaults.DefaultSqlSession@48aba9d6]
09:20:20.793 [http-nio-8088-exec-4] INFO  c.d.channel.controller.UserController - ChannelUserLogin{id=1, username='testceshi', password='e10adc3949ba59abbe56e057f20f883e', status='0', meno='测试'}
09:20:20.794 [http-nio-8088-exec-4] INFO  c.dongxin.channel.util.aspect.HttpAspect - --------进入afterLog方法：@After
09:20:20.794 [http-nio-8088-exec-4] INFO  c.dongxin.channel.util.aspect.HttpAspect - response=Result{code='0000', msg='操作成功', date=ChannelUserLogin{id=1, username='testceshi', password='e10adc3949ba59abbe56e057f20f883e', status='0', meno='测试'}}
09:24:59.415 [http-nio-8088-exec-5] INFO  c.dongxin.channel.util.aspect.HttpAspect - --------进入beforeLog方法：@Before
09:24:59.416 [http-nio-8088-exec-5] INFO  c.dongxin.channel.util.aspect.HttpAspect - url=http://localhost:8088/channel/byjlog/getBYJInfoLog&id=1&startDate=2018-01-01%2012:57:27&endDate=2018-01-03%2017:57:27&pageNo=2&pageSize=10
09:24:59.416 [http-nio-8088-exec-5] INFO  c.dongxin.channel.util.aspect.HttpAspect - method=GET
09:24:59.416 [http-nio-8088-exec-5] INFO  c.dongxin.channel.util.aspect.HttpAspect - ip=0:0:0:0:0:0:0:1
09:24:59.416 [http-nio-8088-exec-5] INFO  c.dongxin.channel.util.aspect.HttpAspect - class_method=com.dongxin.channel.controller.BYJChannelInfoLogController.getBYJInfoLog
09:24:59.416 [http-nio-8088-exec-5] INFO  c.dongxin.channel.util.aspect.HttpAspect - arg=1, 	2018-01-01 12:57:27, 	2018-01-03 17:57:27, 	2, 	10, 	
09:24:59.416 [http-nio-8088-exec-5] INFO  c.dongxin.channel.util.aspect.HttpAspect - --------进入afterLog方法：@After
09:24:59.417 [http-nio-8088-exec-5] WARN  o.s.w.s.m.m.a.ExceptionHandlerExceptionResolver - Resolved exception caused by Handler execution: com.dongxin.channel.util.exception.MyException
09:25:08.007 [http-nio-8088-exec-3] INFO  c.dongxin.channel.util.aspect.HttpAspect - --------进入beforeLog方法：@Before
09:25:08.007 [http-nio-8088-exec-3] INFO  c.dongxin.channel.util.aspect.HttpAspect - url=http://localhost:8088/channel/user/login&null
09:25:08.007 [http-nio-8088-exec-3] INFO  c.dongxin.channel.util.aspect.HttpAspect - method=POST
09:25:08.007 [http-nio-8088-exec-3] INFO  c.dongxin.channel.util.aspect.HttpAspect - ip=0:0:0:0:0:0:0:1
09:25:08.007 [http-nio-8088-exec-3] INFO  c.dongxin.channel.util.aspect.HttpAspect - class_method=com.dongxin.channel.controller.UserController.login
09:25:08.007 [http-nio-8088-exec-3] INFO  c.dongxin.channel.util.aspect.HttpAspect - arg=dGVzdGNlc2hp, 	ZTEwYWRjMzk0OWJhNTlhYmJlNTZlMDU3ZjIwZjg4M2U=, 	
09:25:08.007 [http-nio-8088-exec-3] INFO  c.dongxin.channel.util.aspect.LogAspect - ---------这是NeedLog-----Before
09:25:08.007 [http-nio-8088-exec-3] DEBUG org.mybatis.spring.SqlSessionUtils - Creating a new SqlSession
09:25:08.007 [http-nio-8088-exec-3] DEBUG org.mybatis.spring.SqlSessionUtils - SqlSession [org.apache.ibatis.session.defaults.DefaultSqlSession@42a123e6] was not registered for synchronization because synchronization is not active
09:25:08.037 [http-nio-8088-exec-3] DEBUG o.m.s.t.SpringManagedTransaction - JDBC Connection [com.alibaba.druid.proxy.jdbc.ConnectionProxyImpl@540e5f0c] will not be managed by Spring
09:25:08.037 [http-nio-8088-exec-3] DEBUG c.d.c.m.C.selectByNameAndPWD - ==>  Preparing: SELECT t1.id, t1.username, t1.password, t1.status, t1.meno FROM channel_user_login AS t1, channelinfo AS t2 WHERE t1.username = t2.chcode AND t1.username = ? AND t1.password = ? 
09:25:08.037 [http-nio-8088-exec-3] DEBUG c.d.c.m.C.selectByNameAndPWD - ==> Parameters: testceshi(String), e10adc3949ba59abbe56e057f20f883e(String)
09:25:08.067 [http-nio-8088-exec-3] DEBUG c.d.c.m.C.selectByNameAndPWD - <==      Total: 1
09:25:08.068 [http-nio-8088-exec-3] DEBUG org.mybatis.spring.SqlSessionUtils - Closing non transactional SqlSession [org.apache.ibatis.session.defaults.DefaultSqlSession@42a123e6]
09:25:08.068 [http-nio-8088-exec-3] DEBUG org.mybatis.spring.SqlSessionUtils - Creating a new SqlSession
09:25:08.068 [http-nio-8088-exec-3] DEBUG org.mybatis.spring.SqlSessionUtils - SqlSession [org.apache.ibatis.session.defaults.DefaultSqlSession@7920fbb0] was not registered for synchronization because synchronization is not active
09:25:08.068 [http-nio-8088-exec-3] DEBUG o.m.s.t.SpringManagedTransaction - JDBC Connection [com.alibaba.druid.proxy.jdbc.ConnectionProxyImpl@540e5f0c] will not be managed by Spring
09:25:08.068 [http-nio-8088-exec-3] DEBUG c.d.c.m.C.insertSelective - ==>  Preparing: insert into channel_handle_log ( username, channelName, logIP, handle, inserttime ) values ( ?, ?, ?, ?, NOW() ) 
09:25:08.068 [http-nio-8088-exec-3] DEBUG c.d.c.m.C.insertSelective - ==> Parameters: testceshi(String), 测试(String), 0:0:0:0:0:0:0:1(String), 登录(String)
09:25:08.128 [http-nio-8088-exec-3] DEBUG c.d.c.m.C.insertSelective - <==    Updates: 1
09:25:08.128 [http-nio-8088-exec-3] DEBUG org.mybatis.spring.SqlSessionUtils - Closing non transactional SqlSession [org.apache.ibatis.session.defaults.DefaultSqlSession@7920fbb0]
09:25:08.128 [http-nio-8088-exec-3] INFO  c.d.channel.controller.UserController - ChannelUserLogin{id=1, username='testceshi', password='e10adc3949ba59abbe56e057f20f883e', status='0', meno='测试'}
09:25:08.128 [http-nio-8088-exec-3] INFO  c.dongxin.channel.util.aspect.HttpAspect - --------进入afterLog方法：@After
09:25:08.128 [http-nio-8088-exec-3] INFO  c.dongxin.channel.util.aspect.HttpAspect - response=Result{code='0000', msg='操作成功', date=ChannelUserLogin{id=1, username='testceshi', password='e10adc3949ba59abbe56e057f20f883e', status='0', meno='测试'}}
09:25:10.987 [http-nio-8088-exec-10] INFO  c.dongxin.channel.util.aspect.HttpAspect - --------进入beforeLog方法：@Before
09:25:10.987 [http-nio-8088-exec-10] INFO  c.dongxin.channel.util.aspect.HttpAspect - url=http://localhost:8088/channel/byjlog/getBYJInfoLog&id=1&startDate=2018-01-01%2012:57:27&endDate=2018-01-03%2017:57:27&pageNo=2&pageSize=10
09:25:10.987 [http-nio-8088-exec-10] INFO  c.dongxin.channel.util.aspect.HttpAspect - method=GET
09:25:10.987 [http-nio-8088-exec-10] INFO  c.dongxin.channel.util.aspect.HttpAspect - ip=0:0:0:0:0:0:0:1
09:25:10.987 [http-nio-8088-exec-10] INFO  c.dongxin.channel.util.aspect.HttpAspect - class_method=com.dongxin.channel.controller.BYJChannelInfoLogController.getBYJInfoLog
09:25:10.987 [http-nio-8088-exec-10] INFO  c.dongxin.channel.util.aspect.HttpAspect - arg=1, 	2018-01-01 12:57:27, 	2018-01-03 17:57:27, 	2, 	10, 	
09:25:10.991 [http-nio-8088-exec-10] DEBUG org.mybatis.spring.SqlSessionUtils - Creating a new SqlSession
09:25:10.991 [http-nio-8088-exec-10] DEBUG org.mybatis.spring.SqlSessionUtils - SqlSession [org.apache.ibatis.session.defaults.DefaultSqlSession@66cab1fa] was not registered for synchronization because synchronization is not active
09:25:11.011 [http-nio-8088-exec-10] DEBUG o.m.s.t.SpringManagedTransaction - JDBC Connection [com.alibaba.druid.proxy.jdbc.ConnectionProxyImpl@540e5f0c] will not be managed by Spring
09:25:11.011 [http-nio-8088-exec-10] DEBUG c.d.c.m.B.selectBYJChannelLog_COUNT - ==>  Preparing: SELECT count(0) FROM (SELECT id, chcode, kkflag, orderid, srcorderid, operators, ftid, phone, provname, productid, runmoney, bdtime, totalmoney, isdel, inserttime FROM byjchannelinfolog WHERE chcode = ? AND inserttime > ? AND inserttime < ? UNION ALL SELECT id, chcode, kkflag, orderid, srcorderid, operators, ftid, phone, provname, productid, runmoney, bdtime, totalmoney, isdel, inserttime FROM byjchannelinfolog1801 WHERE chcode = ? AND inserttime > ? AND inserttime < ?) table_count 
09:25:11.012 [http-nio-8088-exec-10] DEBUG c.d.c.m.B.selectBYJChannelLog_COUNT - ==> Parameters: testceshi(String), 2018-01-01 12:57:27(String), 2018-01-03 17:57:27(String), testceshi(String), 2018-01-01 12:57:27(String), 2018-01-03 17:57:27(String)
09:25:11.042 [http-nio-8088-exec-10] DEBUG c.d.c.m.B.selectBYJChannelLog_COUNT - <==      Total: 1
09:25:11.043 [http-nio-8088-exec-10] DEBUG c.d.c.m.B.selectBYJChannelLog - ==>  Preparing: SELECT id, chcode, kkflag, orderid, srcorderid, operators, ftid, phone, provname, productid, runmoney, bdtime, totalmoney, isdel, inserttime FROM byjchannelinfolog WHERE chcode=? AND inserttime > ? AND inserttime < ? UNION ALL SELECT id, chcode, kkflag, orderid, srcorderid, operators, ftid, phone, provname, productid, runmoney, bdtime, totalmoney, isdel, inserttime FROM byjchannelinfolog1801 WHERE chcode=? AND inserttime > ? AND inserttime < ? ORDER BY inserttime DESC LIMIT 10,10 
09:25:11.043 [http-nio-8088-exec-10] DEBUG c.d.c.m.B.selectBYJChannelLog - ==> Parameters: testceshi(String), 2018-01-01 12:57:27(String), 2018-01-03 17:57:27(String), testceshi(String), 2018-01-01 12:57:27(String), 2018-01-03 17:57:27(String)
09:25:11.076 [http-nio-8088-exec-10] DEBUG c.d.c.m.B.selectBYJChannelLog - <==      Total: 10
09:25:11.076 [http-nio-8088-exec-10] DEBUG org.mybatis.spring.SqlSessionUtils - Closing non transactional SqlSession [org.apache.ibatis.session.defaults.DefaultSqlSession@66cab1fa]
09:25:11.076 [http-nio-8088-exec-10] INFO  c.dongxin.channel.util.aspect.HttpAspect - --------进入afterLog方法：@After
09:25:11.076 [http-nio-8088-exec-10] INFO  c.dongxin.channel.util.aspect.HttpAspect - response=Result{code='0000', msg='操作成功', date=PageInfo{pageNum=2, pageSize=10, size=10, startRow=11, endRow=20, total=37, pages=4, list=Page{count=true, pageNum=2, pageSize=10, startRow=10, endRow=20, total=37, pages=4, reasonable=true, pageSizeZero=false}, prePage=1, nextPage=3, isFirstPage=false, isLastPage=false, hasPreviousPage=true, hasNextPage=true, navigatePages=8, navigateFirstPage1, navigateLastPage4, navigatepageNums=[1, 2, 3, 4]}}
